# JRE version: OpenJDK Runtime Environment Corretto-18.0.2.9.1 (18.0.2+9) (build 18.0.2+9-FR)
# Java VM: OpenJDK 64-Bit Server VM Corretto-18.0.2.9.1 (18.0.2+9-FR, mixed mode, emulated-client, sharing, tiered, compressed oops, compressed class ptrs, g1 gc, windows-amd64)
GC Precious Log:
 CardTable entry size: 512
 Card Set container configuration: InlinePtr #cards 4 size 8 Array Of Cards #cards 16 size 48 Howl #buckets 8 coarsen threshold 3686 Howl Bitmap #cards 512 size 80 coarsen threshold 460 Card regions per heap region 1 cards per card region 4096
 CPUs: 8 total, 8 available
 Memory: 16218M
 Large Page Support: Disabled
 NUMA Support: Disabled
 Compressed Oops: Enabled (Zero based)
 Heap Region Size: 2M
 Heap Min Capacity: 8M
 Heap Initial Capacity: 254M
 Heap Max Capacity: 4056M
 Pre-touch: Disabled
 Parallel Workers: 8
 Concurrent Workers: 2
 Concurrent Refinement Workers: 8
 Periodic GC: Disabled
Heap:
 garbage-first heap   total 751616K, used 458648K [0x0000000702800000, 0x0000000800000000)
  region size 2048K, 3 young (6144K), 3 survivors (6144K)
 Metaspace       used 123407K, committed 125056K, reserved 1179648K
  class space    used 16240K, committed 16896K, reserved 1048576K
GC Heap History (20 events):
Event: 347.460 GC heap after
{Heap after GC invocations=52 (full 0):
 garbage-first heap   total 542720K, used 260931K [0x0000000702800000, 0x0000000800000000)
  region size 2048K, 16 young (32768K), 16 survivors (32768K)
 Metaspace       used 123964K, committed 125056K, reserved 1179648K
  class space    used 16369K, committed 16896K, reserved 1048576K
}
Event: 347.707 GC heap before
{Heap before GC invocations=52 (full 0):
 garbage-first heap   total 542720K, used 396099K [0x0000000702800000, 0x0000000800000000)
  region size 2048K, 82 young (167936K), 16 survivors (32768K)
 Metaspace       used 123965K, committed 125056K, reserved 1179648K
  class space    used 16369K, committed 16896K, reserved 1048576K
}
Event: 347.726 GC heap after
{Heap after GC invocations=53 (full 0):
 garbage-first heap   total 542720K, used 290938K [0x0000000702800000, 0x0000000800000000)
  region size 2048K, 11 young (22528K), 11 survivors (22528K)
 Metaspace       used 123965K, committed 125056K, reserved 1179648K
  class space    used 16369K, committed 16896K, reserved 1048576K
}
Event: 347.970 GC heap before
{Heap before GC invocations=53 (full 0):
 garbage-first heap   total 542720K, used 405626K [0x0000000702800000, 0x0000000800000000)
  region size 2048K, 67 young (137216K), 11 survivors (22528K)
 Metaspace       used 123971K, committed 125056K, reserved 1179648K
  class space    used 16371K, committed 16896K, reserved 1048576K
}
Event: 347.979 GC heap after
{Heap after GC invocations=54 (full 0):
 garbage-first heap   total 542720K, used 303885K [0x0000000702800000, 0x0000000800000000)
  region size 2048K, 5 young (10240K), 5 survivors (10240K)
 Metaspace       used 123971K, committed 125056K, reserved 1179648K
  class space    used 16371K, committed 16896K, reserved 1048576K
}
Event: 348.179 GC heap before
{Heap before GC invocations=54 (full 0):
 garbage-first heap   total 542720K, used 418573K [0x0000000702800000, 0x0000000800000000)
  region size 2048K, 61 young (124928K), 5 survivors (10240K)
 Metaspace       used 123971K, committed 125056K, reserved 1179648K
  class space    used 16371K, committed 16896K, reserved 1048576K
}
Event: 348.186 GC heap after
{Heap after GC invocations=55 (full 0):
 garbage-first heap   total 542720K, used 317759K [0x0000000702800000, 0x0000000800000000)
  region size 2048K, 8 young (16384K), 8 survivors (16384K)
 Metaspace       used 123971K, committed 125056K, reserved 1179648K
  class space    used 16371K, committed 16896K, reserved 1048576K
}
Event: 348.341 GC heap before
{Heap before GC invocations=55 (full 0):
 garbage-first heap   total 542720K, used 426303K [0x0000000702800000, 0x0000000800000000)
  region size 2048K, 61 young (124928K), 8 survivors (16384K)
 Metaspace       used 123972K, committed 125056K, reserved 1179648K
  class space    used 16371K, committed 16896K, reserved 1048576K
}
Event: 348.348 GC heap after
{Heap after GC invocations=56 (full 0):
 garbage-first heap   total 708608K, used 323842K [0x0000000702800000, 0x0000000800000000)
  region size 2048K, 3 young (6144K), 3 survivors (6144K)
 Metaspace       used 123972K, committed 125056K, reserved 1179648K
  class space    used 16371K, committed 16896K, reserved 1048576K
}
Event: 348.864 GC heap before
{Heap before GC invocations=56 (full 0):
 garbage-first heap   total 708608K, used 540930K [0x0000000702800000, 0x0000000800000000)
  region size 2048K, 109 young (223232K), 3 survivors (6144K)
 Metaspace       used 123972K, committed 125056K, reserved 1179648K
  class space    used 16371K, committed 16896K, reserved 1048576K
}
Event: 348.874 GC heap after
{Heap after GC invocations=57 (full 0):
 garbage-first heap   total 708608K, used 345037K [0x0000000702800000, 0x0000000800000000)
  region size 2048K, 14 young (28672K), 14 survivors (28672K)
 Metaspace       used 123972K, committed 125056K, reserved 1179648K
  class space    used 16371K, committed 16896K, reserved 1048576K
}
Event: 349.859 GC heap before
{Heap before GC invocations=57 (full 0):
 garbage-first heap   total 708608K, used 549837K [0x0000000702800000, 0x0000000800000000)
  region size 2048K, 114 young (233472K), 14 survivors (28672K)
 Metaspace       used 123972K, committed 125056K, reserved 1179648K
  class space    used 16371K, committed 16896K, reserved 1048576K
}
Event: 349.894 GC heap after
{Heap after GC invocations=58 (full 0):
 garbage-first heap   total 708608K, used 425403K [0x0000000702800000, 0x0000000800000000)
  region size 2048K, 15 young (30720K), 15 survivors (30720K)
 Metaspace       used 123972K, committed 125056K, reserved 1179648K
  class space    used 16371K, committed 16896K, reserved 1048576K
}
Event: 350.216 GC heap before
{Heap before GC invocations=58 (full 0):
 garbage-first heap   total 708608K, used 546235K [0x0000000702800000, 0x0000000800000000)
  region size 2048K, 74 young (151552K), 15 survivors (30720K)
 Metaspace       used 123972K, committed 125056K, reserved 1179648K
  class space    used 16371K, committed 16896K, reserved 1048576K
}
Event: 350.237 GC heap after
{Heap after GC invocations=59 (full 0):
 garbage-first heap   total 708608K, used 456877K [0x0000000702800000, 0x0000000800000000)
  region size 2048K, 10 young (20480K), 10 survivors (20480K)
 Metaspace       used 123972K, committed 125056K, reserved 1179648K
  class space    used 16371K, committed 16896K, reserved 1048576K
}
Event: 350.604 GC heap before
{Heap before GC invocations=59 (full 0):
 garbage-first heap   total 708608K, used 559277K [0x0000000702800000, 0x0000000800000000)
  region size 2048K, 60 young (122880K), 10 survivors (20480K)
 Metaspace       used 123972K, committed 125056K, reserved 1179648K
  class space    used 16371K, committed 16896K, reserved 1048576K
}
Event: 350.613 GC heap after
{Heap after GC invocations=60 (full 0):
 garbage-first heap   total 708608K, used 464951K [0x0000000702800000, 0x0000000800000000)
  region size 2048K, 5 young (10240K), 5 survivors (10240K)
 Metaspace       used 123972K, committed 125056K, reserved 1179648K
  class space    used 16371K, committed 16896K, reserved 1048576K
}
Event: 350.976 GC heap before
{Heap before GC invocations=61 (full 0):
 garbage-first heap   total 751616K, used 538679K [0x0000000702800000, 0x0000000800000000)
  region size 2048K, 56 young (114688K), 5 survivors (10240K)
 Metaspace       used 123407K, committed 125056K, reserved 1179648K
  class space    used 16240K, committed 16896K, reserved 1048576K
}
Event: 351.289 GC heap after
{Heap after GC invocations=62 (full 0):
 garbage-first heap   total 751616K, used 477817K [0x0000000702800000, 0x0000000800000000)
  region size 2048K, 7 young (14336K), 7 survivors (14336K)
 Metaspace       used 123407K, committed 125056K, reserved 1179648K
  class space    used 16240K, committed 16896K, reserved 1048576K
}
Event: 351.330 GC heap before
{Heap before GC invocations=62 (full 0):
 garbage-first heap   total 751616K, used 500345K [0x0000000702800000, 0x0000000800000000)
  region size 2048K, 18 young (36864K), 7 survivors (14336K)
 Metaspace       used 123407K, committed 125056K, reserved 1179648K
  class space    used 16240K, committed 16896K, reserved 1048576K
}

